<?xml version="1.0" encoding="UTF-8"?>
<testsuite xmlns:xsi="http://www.w3.org/2001/XMLSchema-instance" xsi:noNamespaceSchemaLocation="https://maven.apache.org/surefire/maven-surefire-plugin/xsd/surefire-test-report-3.0.xsd" version="3.0" name="com.banking.customerservice.AuthIntegrationTest" time="15.601" tests="1" errors="0" skipped="0" failures="0">
  <properties>
[...]
</properties>
  <testcase name="testRegisterAndLogin" classname="com.banking.customerservice.AuthIntegrationTest" time="1.552">
    <system-out><![CDATA[15:37:45.856 [main] INFO org.springframework.test.context.support.AnnotationConfigContextLoaderUtils -- Could not detect default configuration classes for test class [com.banking.customerservice.AuthIntegrationTest]: AuthIntegrationTest does not declare any static, non-private, non-final, nested classes annotated with @Configuration.
15:37:46.049 [main] INFO org.springframework.boot.test.context.SpringBootTestContextBootstrapper -- Found @SpringBootConfiguration com.banking.customerservice.CustomerServiceApplication for test class com.banking.customerservice.AuthIntegrationTest

  .   ____          _            __ _ _
 /\\ / ___'_ __ _ _(_)_ __  __ _ \ \ \ \
( ( )\___ | '_ | '_| | '_ \/ _` | \ \ \ \
 \\/  ___)| |_)| | | | | || (_| |  ) ) ) )
  '  |____| .__|_| |_|_| |_\__, | / / / /
 =========|_|==============|___/=/_/_/_/

 :: Spring Boot ::                (v3.3.5)

2025-11-27T15:37:48.384+05:30  INFO 15544 --- [customer-service] [           main] c.b.customerservice.AuthIntegrationTest  : Starting AuthIntegrationTest using Java 21.0.7 with PID 15544 (started by syska in D:\Projects\sample-microservice\customer-service)
2025-11-27T15:37:48.388+05:30  INFO 15544 --- [customer-service] [           main] c.b.customerservice.AuthIntegrationTest  : No active profile set, falling back to 1 default profile: "default"
2025-11-27T15:37:48.446+05:30  INFO 15544 --- [customer-service] [           main] o.s.c.c.c.ConfigServerConfigDataLoader   : Fetching config from server at : http://localhost:8888
2025-11-27T15:37:48.447+05:30  INFO 15544 --- [customer-service] [           main] o.s.c.c.c.ConfigServerConfigDataLoader   : Located environment: name=customer-service, profiles=[default], label=null, version=null, state=null
2025-11-27T15:37:50.195+05:30  INFO 15544 --- [customer-service] [           main] .s.d.r.c.RepositoryConfigurationDelegate : Bootstrapping Spring Data JPA repositories in DEFAULT mode.
2025-11-27T15:37:50.628+05:30  INFO 15544 --- [customer-service] [           main] .s.d.r.c.RepositoryConfigurationDelegate : Finished Spring Data repository scanning in 406 ms. Found 1 JPA repository interface.
2025-11-27T15:37:51.254+05:30  INFO 15544 --- [customer-service] [           main] o.s.cloud.context.scope.GenericScope     : BeanFactory id=480811f5-db25-36d7-bff7-56ef0d1a76e2
2025-11-27T15:37:51.594+05:30  WARN 15544 --- [customer-service] [           main] trationDelegate$BeanPostProcessorChecker : Bean 'org.springframework.cloud.client.loadbalancer.LoadBalancerAutoConfiguration$DeferringLoadBalancerInterceptorConfig' of type [org.springframework.cloud.client.loadbalancer.LoadBalancerAutoConfiguration$DeferringLoadBalancerInterceptorConfig] is not eligible for getting processed by all BeanPostProcessors (for example: not eligible for auto-proxying). The currently created BeanPostProcessor [lbRestClientPostProcessor] is declared through a non-static factory method on that class; consider declaring it as static instead.
2025-11-27T15:37:51.597+05:30  WARN 15544 --- [customer-service] [           main] trationDelegate$BeanPostProcessorChecker : Bean 'deferringLoadBalancerInterceptor' of type [org.springframework.cloud.client.loadbalancer.DeferringLoadBalancerInterceptor] is not eligible for getting processed by all BeanPostProcessors (for example: not eligible for auto-proxying). Is this bean getting eagerly injected/applied to a currently created BeanPostProcessor [lbRestClientPostProcessor]? Check the corresponding BeanPostProcessor declaration and its dependencies/advisors. If this bean does not have to be post-processed, declare it with ROLE_INFRASTRUCTURE.
2025-11-27T15:37:52.530+05:30  INFO 15544 --- [customer-service] [           main] o.s.b.w.embedded.tomcat.TomcatWebServer  : Tomcat initialized with port 0 (http)
2025-11-27T15:37:52.556+05:30  INFO 15544 --- [customer-service] [           main] o.apache.catalina.core.StandardService   : Starting service [Tomcat]
2025-11-27T15:37:52.556+05:30  INFO 15544 --- [customer-service] [           main] o.apache.catalina.core.StandardEngine    : Starting Servlet engine: [Apache Tomcat/10.1.31]
2025-11-27T15:37:52.676+05:30  INFO 15544 --- [customer-service] [           main] o.a.c.c.C.[Tomcat].[localhost].[/]       : Initializing Spring embedded WebApplicationContext
2025-11-27T15:37:52.678+05:30  INFO 15544 --- [customer-service] [           main] w.s.c.ServletWebServerApplicationContext : Root WebApplicationContext: initialization completed in 4226 ms
2025-11-27T15:37:53.068+05:30  INFO 15544 --- [customer-service] [           main] o.hibernate.jpa.internal.util.LogHelper  : HHH000204: Processing PersistenceUnitInfo [name: default]
2025-11-27T15:37:53.231+05:30  INFO 15544 --- [customer-service] [           main] org.hibernate.Version                    : HHH000412: Hibernate ORM core version 6.5.3.Final
2025-11-27T15:37:53.309+05:30  INFO 15544 --- [customer-service] [           main] o.h.c.internal.RegionFactoryInitiator    : HHH000026: Second-level cache disabled
2025-11-27T15:37:53.983+05:30  INFO 15544 --- [customer-service] [           main] o.s.o.j.p.SpringPersistenceUnitInfo      : No LoadTimeWeaver setup: ignoring JPA class transformer
2025-11-27T15:37:54.064+05:30  INFO 15544 --- [customer-service] [           main] com.zaxxer.hikari.HikariDataSource       : HikariPool-1 - Starting...
2025-11-27T15:37:54.781+05:30  INFO 15544 --- [customer-service] [           main] com.zaxxer.hikari.pool.HikariPool        : HikariPool-1 - Added connection com.mysql.cj.jdbc.ConnectionImpl@299dd381
2025-11-27T15:37:54.785+05:30  INFO 15544 --- [customer-service] [           main] com.zaxxer.hikari.HikariDataSource       : HikariPool-1 - Start completed.
2025-11-27T15:37:56.388+05:30  INFO 15544 --- [customer-service] [           main] o.h.e.t.j.p.i.JtaPlatformInitiator       : HHH000489: No JTA platform available (set 'hibernate.transaction.jta.platform' to enable JTA platform integration)
2025-11-27T15:37:56.503+05:30  INFO 15544 --- [customer-service] [           main] j.LocalContainerEntityManagerFactoryBean : Initialized JPA EntityManagerFactory for persistence unit 'default'
2025-11-27T15:37:57.612+05:30  WARN 15544 --- [customer-service] [           main] JpaBaseConfiguration$JpaWebConfiguration : spring.jpa.open-in-view is enabled by default. Therefore, database queries may be performed during view rendering. Explicitly configure spring.jpa.open-in-view to disable this warning
2025-11-27T15:37:58.884+05:30  INFO 15544 --- [customer-service] [           main] DiscoveryClientOptionalArgsConfiguration : Eureka HTTP Client uses RestTemplate.
2025-11-27T15:37:59.035+05:30  WARN 15544 --- [customer-service] [           main] iguration$LoadBalancerCaffeineWarnLogger : Spring Cloud LoadBalancer is currently working with the default cache. While this cache implementation is useful for development and tests, it's recommended to use Caffeine cache in production.You can switch to using Caffeine cache, by adding it and org.springframework.cache.caffeine.CaffeineCacheManager to the classpath.
2025-11-27T15:37:59.306+05:30  INFO 15544 --- [customer-service] [           main] o.s.b.w.embedded.tomcat.TomcatWebServer  : Tomcat started on port 57235 (http) with context path '/'
2025-11-27T15:37:59.310+05:30  INFO 15544 --- [customer-service] [           main] .s.c.n.e.s.EurekaAutoServiceRegistration : Updating port to 57235
2025-11-27T15:37:59.319+05:30  INFO 15544 --- [customer-service] [           main] o.s.c.n.eureka.InstanceInfoFactory       : Setting initial instance status as: STARTING
2025-11-27T15:37:59.354+05:30  INFO 15544 --- [customer-service] [           main] com.netflix.discovery.DiscoveryClient    : Initializing Eureka in region us-east-1
2025-11-27T15:37:59.363+05:30  INFO 15544 --- [customer-service] [           main] c.n.d.s.r.aws.ConfigClusterResolver      : Resolving eureka endpoints via configuration
2025-11-27T15:37:59.379+05:30  INFO 15544 --- [customer-service] [           main] com.netflix.discovery.DiscoveryClient    : Disable delta property : false
2025-11-27T15:37:59.379+05:30  INFO 15544 --- [customer-service] [           main] com.netflix.discovery.DiscoveryClient    : Single vip registry refresh property : null
2025-11-27T15:37:59.379+05:30  INFO 15544 --- [customer-service] [           main] com.netflix.discovery.DiscoveryClient    : Force full registry fetch : false
2025-11-27T15:37:59.379+05:30  INFO 15544 --- [customer-service] [           main] com.netflix.discovery.DiscoveryClient    : Application is null : false
2025-11-27T15:37:59.379+05:30  INFO 15544 --- [customer-service] [           main] com.netflix.discovery.DiscoveryClient    : Registered Applications size is zero : true
2025-11-27T15:37:59.379+05:30  INFO 15544 --- [customer-service] [           main] com.netflix.discovery.DiscoveryClient    : Application version is -1: true
2025-11-27T15:37:59.379+05:30  INFO 15544 --- [customer-service] [           main] com.netflix.discovery.DiscoveryClient    : Getting all instance registry info from the eureka server
2025-11-27T15:37:59.560+05:30  INFO 15544 --- [customer-service] [           main] com.netflix.discovery.DiscoveryClient    : The response status is 200
2025-11-27T15:37:59.562+05:30  INFO 15544 --- [customer-service] [           main] com.netflix.discovery.DiscoveryClient    : Starting heartbeat executor: renew interval is: 30
2025-11-27T15:37:59.563+05:30  INFO 15544 --- [customer-service] [           main] c.n.discovery.InstanceInfoReplicator     : InstanceInfoReplicator onDemand update allowed rate per min is 4
2025-11-27T15:37:59.566+05:30  INFO 15544 --- [customer-service] [           main] com.netflix.discovery.DiscoveryClient    : Discovery Client initialized at timestamp 1764238079566 with initial instances count: 4
2025-11-27T15:37:59.570+05:30  INFO 15544 --- [customer-service] [           main] o.s.c.n.e.s.EurekaServiceRegistry        : Registering application CUSTOMER-SERVICE with eureka with status UP
2025-11-27T15:37:59.570+05:30  INFO 15544 --- [customer-service] [           main] com.netflix.discovery.DiscoveryClient    : Saw local status change event StatusChangeEvent [timestamp=1764238079570, current=UP, previous=STARTING]
2025-11-27T15:37:59.573+05:30  INFO 15544 --- [customer-service] [foReplicator-%d] com.netflix.discovery.DiscoveryClient    : DiscoveryClient_CUSTOMER-SERVICE/SivaHP.mshome.net:customer-service:0: registering service...
2025-11-27T15:37:59.605+05:30  INFO 15544 --- [customer-service] [           main] c.b.customerservice.AuthIntegrationTest  : Started AuthIntegrationTest in 13.324 seconds (process running for 14.959)
2025-11-27T15:37:59.655+05:30  INFO 15544 --- [customer-service] [foReplicator-%d] com.netflix.discovery.DiscoveryClient    : DiscoveryClient_CUSTOMER-SERVICE/SivaHP.mshome.net:customer-service:0 - registration status: 204
Hibernate: select c1_0.id,c1_0.email,c1_0.name,c1_0.password from customers c1_0
2025-11-27T15:38:00.645+05:30  INFO 15544 --- [customer-service] [o-auto-1-exec-1] o.a.c.c.C.[Tomcat].[localhost].[/]       : Initializing Spring DispatcherServlet 'dispatcherServlet'
2025-11-27T15:38:00.646+05:30  INFO 15544 --- [customer-service] [o-auto-1-exec-1] o.s.web.servlet.DispatcherServlet        : Initializing Servlet 'dispatcherServlet'
2025-11-27T15:38:00.648+05:30  INFO 15544 --- [customer-service] [o-auto-1-exec-1] o.s.web.servlet.DispatcherServlet        : Completed initialization in 2 ms
Hibernate: insert into customers (email,name,password) values (?,?,?)
Hibernate: select c1_0.id,c1_0.email,c1_0.name,c1_0.password from customers c1_0 where c1_0.email=?
]]></system-out>
    <system-err><![CDATA[WARNING: A Java agent has been loaded dynamically (C:\Users\syska\.m2\repository\net\bytebuddy\byte-buddy-agent\1.14.19\byte-buddy-agent-1.14.19.jar)
WARNING: If a serviceability tool is in use, please run with -XX:+EnableDynamicAgentLoading to hide this warning
WARNING: If a serviceability tool is not in use, please run with -Djdk.instrument.traceUsage for more information
WARNING: Dynamic loading of agents will be disallowed by default in a future release
]]></system-err>
  </testcase>
</testsuite>