<?xml version="1.0" encoding="UTF-8"?>
<testsuite xmlns:xsi="http://www.w3.org/2001/XMLSchema-instance" xsi:noNamespaceSchemaLocation="https://maven.apache.org/surefire/maven-surefire-plugin/xsd/surefire-test-report-3.0.xsd" version="3.0" name="com.banking.loanservice.LoanIntegrationTest" time="16.877" tests="1" errors="0" skipped="0" failures="0">
  <properties>
[...]
</properties>
  <testcase name="testApplyLoan" classname="com.banking.loanservice.LoanIntegrationTest" time="2.474">
    <system-out><![CDATA[15:45:37.062 [main] INFO org.springframework.test.context.support.AnnotationConfigContextLoaderUtils -- Could not detect default configuration classes for test class [com.banking.loanservice.LoanIntegrationTest]: LoanIntegrationTest does not declare any static, non-private, non-final, nested classes annotated with @Configuration.
15:45:37.401 [main] INFO org.springframework.boot.test.context.SpringBootTestContextBootstrapper -- Found @SpringBootConfiguration com.banking.loanservice.LoanServiceApplication for test class com.banking.loanservice.LoanIntegrationTest

  .   ____          _            __ _ _
 /\\ / ___'_ __ _ _(_)_ __  __ _ \ \ \ \
( ( )\___ | '_ | '_| | '_ \/ _` | \ \ \ \
 \\/  ___)| |_)| | | | | || (_| |  ) ) ) )
  '  |____| .__|_| |_|_| |_\__, | / / / /
 =========|_|==============|___/=/_/_/_/

 :: Spring Boot ::                (v3.3.5)

2025-11-27T15:45:40.292+05:30  INFO 26308 --- [loan-service] [           main] c.b.loanservice.LoanIntegrationTest      : Starting LoanIntegrationTest using Java 21.0.7 with PID 26308 (started by syska in D:\Projects\sample-microservice\loan-service)
2025-11-27T15:45:40.296+05:30  INFO 26308 --- [loan-service] [           main] c.b.loanservice.LoanIntegrationTest      : No active profile set, falling back to 1 default profile: "default"
2025-11-27T15:45:40.351+05:30  INFO 26308 --- [loan-service] [           main] o.s.c.c.c.ConfigServerConfigDataLoader   : Fetching config from server at : http://localhost:8888
2025-11-27T15:45:40.351+05:30  INFO 26308 --- [loan-service] [           main] o.s.c.c.c.ConfigServerConfigDataLoader   : Located environment: name=loan-service, profiles=[default], label=null, version=null, state=null
2025-11-27T15:45:42.811+05:30  INFO 26308 --- [loan-service] [           main] .s.d.r.c.RepositoryConfigurationDelegate : Bootstrapping Spring Data MongoDB repositories in DEFAULT mode.
2025-11-27T15:45:43.136+05:30  INFO 26308 --- [loan-service] [           main] .s.d.r.c.RepositoryConfigurationDelegate : Finished Spring Data repository scanning in 317 ms. Found 1 MongoDB repository interface.
2025-11-27T15:45:43.766+05:30  INFO 26308 --- [loan-service] [           main] o.s.cloud.context.scope.GenericScope     : BeanFactory id=c14b35a2-bc43-3426-a702-5e2b63f043df
2025-11-27T15:45:44.073+05:30  WARN 26308 --- [loan-service] [           main] trationDelegate$BeanPostProcessorChecker : Bean 'org.springframework.cloud.client.loadbalancer.LoadBalancerAutoConfiguration$DeferringLoadBalancerInterceptorConfig' of type [org.springframework.cloud.client.loadbalancer.LoadBalancerAutoConfiguration$DeferringLoadBalancerInterceptorConfig] is not eligible for getting processed by all BeanPostProcessors (for example: not eligible for auto-proxying). The currently created BeanPostProcessor [lbRestClientPostProcessor] is declared through a non-static factory method on that class; consider declaring it as static instead.
2025-11-27T15:45:44.078+05:30  WARN 26308 --- [loan-service] [           main] trationDelegate$BeanPostProcessorChecker : Bean 'deferringLoadBalancerInterceptor' of type [org.springframework.cloud.client.loadbalancer.DeferringLoadBalancerInterceptor] is not eligible for getting processed by all BeanPostProcessors (for example: not eligible for auto-proxying). Is this bean getting eagerly injected/applied to a currently created BeanPostProcessor [lbRestClientPostProcessor]? Check the corresponding BeanPostProcessor declaration and its dependencies/advisors. If this bean does not have to be post-processed, declare it with ROLE_INFRASTRUCTURE.
2025-11-27T15:45:44.857+05:30  INFO 26308 --- [loan-service] [           main] o.s.b.w.embedded.tomcat.TomcatWebServer  : Tomcat initialized with port 0 (http)
2025-11-27T15:45:44.891+05:30  INFO 26308 --- [loan-service] [           main] o.apache.catalina.core.StandardService   : Starting service [Tomcat]
2025-11-27T15:45:44.892+05:30  INFO 26308 --- [loan-service] [           main] o.apache.catalina.core.StandardEngine    : Starting Servlet engine: [Apache Tomcat/10.1.31]
2025-11-27T15:45:45.127+05:30  INFO 26308 --- [loan-service] [           main] o.a.c.c.C.[Tomcat].[localhost].[/]       : Initializing Spring embedded WebApplicationContext
2025-11-27T15:45:45.130+05:30  INFO 26308 --- [loan-service] [           main] w.s.c.ServletWebServerApplicationContext : Root WebApplicationContext: initialization completed in 4775 ms
2025-11-27T15:45:45.828+05:30  INFO 26308 --- [loan-service] [           main] org.mongodb.driver.client                : MongoClient with metadata {"driver": {"name": "mongo-java-driver|sync|spring-boot", "version": "5.0.1"}, "os": {"type": "Windows", "name": "Windows 11", "architecture": "amd64", "version": "10.0"}, "platform": "Java/Oracle Corporation/21.0.7+8-LTS-245"} created with settings MongoClientSettings{readPreference=primary, writeConcern=WriteConcern{w=null, wTimeout=null ms, journal=null}, retryWrites=true, retryReads=true, readConcern=ReadConcern{level=null}, credential=null, transportSettings=null, commandListeners=[], codecRegistry=ProvidersCodecRegistry{codecProviders=[ValueCodecProvider{}, BsonValueCodecProvider{}, DBRefCodecProvider{}, DBObjectCodecProvider{}, DocumentCodecProvider{}, CollectionCodecProvider{}, IterableCodecProvider{}, MapCodecProvider{}, GeoJsonCodecProvider{}, GridFSFileCodecProvider{}, Jsr310CodecProvider{}, JsonObjectCodecProvider{}, BsonCodecProvider{}, EnumCodecProvider{}, com.mongodb.client.model.mql.ExpressionCodecProvider@6f4d2294, com.mongodb.Jep395RecordCodecProvider@22361e23, com.mongodb.KotlinCodecProvider@2e0516a3]}, loggerSettings=LoggerSettings{maxDocumentLength=1000}, clusterSettings={hosts=[localhost:27018], srvServiceName=mongodb, mode=SINGLE, requiredClusterType=UNKNOWN, requiredReplicaSetName='null', serverSelector='null', clusterListeners='[]', serverSelectionTimeout='30000 ms', localThreshold='15 ms'}, socketSettings=SocketSettings{connectTimeoutMS=10000, readTimeoutMS=0, receiveBufferSize=0, proxySettings=ProxySettings{host=null, port=null, username=null, password=null}}, heartbeatSocketSettings=SocketSettings{connectTimeoutMS=10000, readTimeoutMS=10000, receiveBufferSize=0, proxySettings=ProxySettings{host=null, port=null, username=null, password=null}}, connectionPoolSettings=ConnectionPoolSettings{maxSize=100, minSize=0, maxWaitTimeMS=120000, maxConnectionLifeTimeMS=0, maxConnectionIdleTimeMS=0, maintenanceInitialDelayMS=0, maintenanceFrequencyMS=60000, connectionPoolListeners=[], maxConnecting=2}, serverSettings=ServerSettings{heartbeatFrequencyMS=10000, minHeartbeatFrequencyMS=500, serverListeners='[]', serverMonitorListeners='[]'}, sslSettings=SslSettings{enabled=false, invalidHostNameAllowed=false, context=null}, applicationName='null', compressorList=[], uuidRepresentation=JAVA_LEGACY, serverApi=null, autoEncryptionSettings=null, dnsClient=null, inetAddressResolver=null, contextProvider=null}
2025-11-27T15:45:45.913+05:30  INFO 26308 --- [loan-service] [localhost:27018] org.mongodb.driver.cluster               : Monitor thread successfully connected to server with description ServerDescription{address=localhost:27018, type=STANDALONE, state=CONNECTED, ok=true, minWireVersion=0, maxWireVersion=17, maxDocumentSize=16777216, logicalSessionTimeoutMinutes=30, roundTripTimeNanos=117302900}
2025-11-27T15:45:49.659+05:30  INFO 26308 --- [loan-service] [           main] DiscoveryClientOptionalArgsConfiguration : Eureka HTTP Client uses RestTemplate.
2025-11-27T15:45:49.790+05:30  WARN 26308 --- [loan-service] [           main] iguration$LoadBalancerCaffeineWarnLogger : Spring Cloud LoadBalancer is currently working with the default cache. While this cache implementation is useful for development and tests, it's recommended to use Caffeine cache in production.You can switch to using Caffeine cache, by adding it and org.springframework.cache.caffeine.CaffeineCacheManager to the classpath.
2025-11-27T15:45:50.468+05:30  INFO 26308 --- [loan-service] [           main] o.s.b.w.embedded.tomcat.TomcatWebServer  : Tomcat started on port 54813 (http) with context path '/'
2025-11-27T15:45:50.472+05:30  INFO 26308 --- [loan-service] [           main] .s.c.n.e.s.EurekaAutoServiceRegistration : Updating port to 54813
2025-11-27T15:45:50.486+05:30  INFO 26308 --- [loan-service] [           main] o.s.c.n.eureka.InstanceInfoFactory       : Setting initial instance status as: STARTING
2025-11-27T15:45:50.615+05:30  INFO 26308 --- [loan-service] [           main] com.netflix.discovery.DiscoveryClient    : Initializing Eureka in region us-east-1
2025-11-27T15:45:50.624+05:30  INFO 26308 --- [loan-service] [           main] c.n.d.s.r.aws.ConfigClusterResolver      : Resolving eureka endpoints via configuration
2025-11-27T15:45:50.658+05:30  INFO 26308 --- [loan-service] [           main] com.netflix.discovery.DiscoveryClient    : Disable delta property : false
2025-11-27T15:45:50.658+05:30  INFO 26308 --- [loan-service] [           main] com.netflix.discovery.DiscoveryClient    : Single vip registry refresh property : null
2025-11-27T15:45:50.658+05:30  INFO 26308 --- [loan-service] [           main] com.netflix.discovery.DiscoveryClient    : Force full registry fetch : false
2025-11-27T15:45:50.658+05:30  INFO 26308 --- [loan-service] [           main] com.netflix.discovery.DiscoveryClient    : Application is null : false
2025-11-27T15:45:50.659+05:30  INFO 26308 --- [loan-service] [           main] com.netflix.discovery.DiscoveryClient    : Registered Applications size is zero : true
2025-11-27T15:45:50.659+05:30  INFO 26308 --- [loan-service] [           main] com.netflix.discovery.DiscoveryClient    : Application version is -1: true
2025-11-27T15:45:50.659+05:30  INFO 26308 --- [loan-service] [           main] com.netflix.discovery.DiscoveryClient    : Getting all instance registry info from the eureka server
2025-11-27T15:45:51.019+05:30  INFO 26308 --- [loan-service] [           main] com.netflix.discovery.DiscoveryClient    : The response status is 200
2025-11-27T15:45:51.023+05:30  INFO 26308 --- [loan-service] [           main] com.netflix.discovery.DiscoveryClient    : Starting heartbeat executor: renew interval is: 30
2025-11-27T15:45:51.026+05:30  INFO 26308 --- [loan-service] [           main] c.n.discovery.InstanceInfoReplicator     : InstanceInfoReplicator onDemand update allowed rate per min is 4
2025-11-27T15:45:51.030+05:30  INFO 26308 --- [loan-service] [           main] com.netflix.discovery.DiscoveryClient    : Discovery Client initialized at timestamp 1764238551029 with initial instances count: 4
2025-11-27T15:45:51.038+05:30  INFO 26308 --- [loan-service] [           main] o.s.c.n.e.s.EurekaServiceRegistry        : Registering application LOAN-SERVICE with eureka with status UP
2025-11-27T15:45:51.040+05:30  INFO 26308 --- [loan-service] [           main] com.netflix.discovery.DiscoveryClient    : Saw local status change event StatusChangeEvent [timestamp=1764238551040, current=UP, previous=STARTING]
2025-11-27T15:45:51.044+05:30  INFO 26308 --- [loan-service] [foReplicator-%d] com.netflix.discovery.DiscoveryClient    : DiscoveryClient_LOAN-SERVICE/SivaHP.mshome.net:loan-service:0: registering service...
2025-11-27T15:45:51.078+05:30  INFO 26308 --- [loan-service] [           main] c.b.loanservice.LoanIntegrationTest      : Started LoanIntegrationTest in 13.265 seconds (process running for 15.789)
2025-11-27T15:45:51.144+05:30  INFO 26308 --- [loan-service] [foReplicator-%d] com.netflix.discovery.DiscoveryClient    : DiscoveryClient_LOAN-SERVICE/SivaHP.mshome.net:loan-service:0 - registration status: 204
2025-11-27T15:45:53.235+05:30  INFO 26308 --- [loan-service] [o-auto-1-exec-1] o.a.c.c.C.[Tomcat].[localhost].[/]       : Initializing Spring DispatcherServlet 'dispatcherServlet'
2025-11-27T15:45:53.236+05:30  INFO 26308 --- [loan-service] [o-auto-1-exec-1] o.s.web.servlet.DispatcherServlet        : Initializing Servlet 'dispatcherServlet'
2025-11-27T15:45:53.241+05:30  INFO 26308 --- [loan-service] [o-auto-1-exec-1] o.s.web.servlet.DispatcherServlet        : Completed initialization in 2 ms
]]></system-out>
    <system-err><![CDATA[WARNING: A Java agent has been loaded dynamically (C:\Users\syska\.m2\repository\net\bytebuddy\byte-buddy-agent\1.14.19\byte-buddy-agent-1.14.19.jar)
WARNING: If a serviceability tool is in use, please run with -XX:+EnableDynamicAgentLoading to hide this warning
WARNING: If a serviceability tool is not in use, please run with -Djdk.instrument.traceUsage for more information
WARNING: Dynamic loading of agents will be disallowed by default in a future release
]]></system-err>
  </testcase>
</testsuite>